<?xml version="1.0" encoding="UTF-8"?>
<!-- Generated by org.testng.reporters.JUnitReportReporter -->
<testsuite hostname="Astarta-pc" name="com.example.tests.CreateGroup" tests="2" failures="0" timestamp="12 Dec 2015 16:21:00 GMT" time="4.874" errors="0">
  <testcase name="testEmptyTestCreation" time="2.401" classname="com.example.tests.CreateGroup"/>
  <testcase name="testNonEmptyTestCreation" time="2.473" classname="com.example.tests.CreateGroup"/>
</testsuite> <!-- com.example.tests.CreateGroup -->
