<?xml version="1.0" encoding="UTF-8"?>
<!-- Generated by org.testng.reporters.JUnitReportReporter -->
<testsuite hostname="Astarta-pc" name="com.example.tests.CreateGroup" tests="2" failures="0" timestamp="12 Dec 2015 17:56:05 GMT" time="2.507" errors="0">
  <testcase name="testEmptyTestCreation" time="1.192" classname="com.example.tests.CreateGroup"/>
  <testcase name="testNonEmptyTestCreation" time="1.315" classname="com.example.tests.CreateGroup"/>
</testsuite> <!-- com.example.tests.CreateGroup -->
