<?xml version="1.0" encoding="UTF-8"?>
<!-- Generated by org.testng.reporters.JUnitReportReporter -->
<testsuite hostname="Astarta-pc" name="com.example.tests.CreateContact" tests="2" failures="0" timestamp="12 Dec 2015 17:56:05 GMT" time="5.381" errors="0">
  <testcase name="testCreateEmptyContact" time="2.872" classname="com.example.tests.CreateContact"/>
  <testcase name="testCreateNotEmptyContact" time="2.509" classname="com.example.tests.CreateContact"/>
</testsuite> <!-- com.example.tests.CreateContact -->
