<?xml version="1.0" encoding="UTF-8"?>
<!-- Generated by org.testng.reporters.JUnitReportReporter -->
<testsuite hostname="PC1537" name="com.example.tests.RemoveSomeContact" tests="2" failures="0" timestamp="23 Dec 2015 15:13:38 GMT" time="2.012" errors="0">
  <testcase name="deleteSomeContactFromModifyAndEditPage" time="1.040" classname="com.example.tests.RemoveSomeContact"/>
  <testcase name="deleteSomeContactFromEditPage" time="0.972" classname="com.example.tests.RemoveSomeContact"/>
</testsuite> <!-- com.example.tests.RemoveSomeContact -->
