<?xml version="1.0" encoding="UTF-8"?>
<!-- Generated by org.testng.reporters.JUnitReportReporter -->
<testsuite hostname="Astarta-pc" name="com.example.tests.CreateContact" tests="2" failures="0" timestamp="20 Dec 2015 20:20:59 GMT" time="5.675" errors="0">
  <testcase name="testCreateNotEmptyContact" time="2.527" classname="com.example.tests.CreateContact"/>
  <testcase name="testCreateEmptyContact" time="3.148" classname="com.example.tests.CreateContact"/>
</testsuite> <!-- com.example.tests.CreateContact -->
